<?xml version='1.0' encoding='UTF-8'?>
<testsuite hostname="chuan2025" name="todo.TodoManagerSpec" tests="19" errors="0" failures="0" skipped="0" time="0.04" timestamp="2025-08-03T00:38:36">
          <properties>
      <property name="awt.toolkit" value="sun.awt.X11.XToolkit"/><property name="java.specification.version" value="11"/><property name="sun.cpu.isalist" value=""/><property name="sun.jnu.encoding" value="UTF-8"/><property name="sun.arch.data.model" value="64"/><property name="java.vendor.url" value="https://ubuntu.com/"/><property name="sun.boot.library.path" value="/usr/lib/jvm/java-11-openjdk-amd64/lib"/><property name="sun.java.command" value="/home/chuan/.sdkman/candidates/sbt/1.11.3/bin/sbt-launch.jar testOnly todo.TaskSpec todo.TodoManagerSpec"/><property name="jdk.debug" value="release"/><property name="java.specification.vendor" value="Oracle Corporation"/><property name="java.version.date" value="2025-07-15"/><property name="java.home" value="/usr/lib/jvm/java-11-openjdk-amd64"/><property name="file.separator" value="/"/><property name="java.vm.compressedOopsMode" value="32-bit"/><property name="line.separator" value="
"/><property name="java.specification.name" value="Java Platform API Specification"/><property name="java.vm.specification.vendor" value="Oracle Corporation"/><property name="sun.management.compiler" value="HotSpot 64-Bit Tiered Compilers"/><property name="java.runtime.version" value="11.0.28+6-post-Ubuntu-1ubuntu122.04.1"/><property name="user.name" value="chuan"/><property name="log4j.ignoreTCL" value="true"/><property name="file.encoding" value="UTF-8"/><property name="jnidispatch.path" value="/home/chuan/.cache/JNA/temp/jna5311980013226072201.tmp"/><property name="jna.loaded" value="true"/><property name="java.io.tmpdir" value="/tmp"/><property name="java.version" value="11.0.28"/><property name="java.vm.specification.name" value="Java Virtual Machine Specification"/><property name="java.awt.printerjob" value="sun.print.PSPrinterJob"/><property name="sun.os.patch.level" value="unknown"/><property name="java.library.path" value="/usr/java/packages/lib:/usr/lib/x86_64-linux-gnu/jni:/lib/x86_64-linux-gnu:/usr/lib/x86_64-linux-gnu:/usr/lib/jni:/lib:/usr/lib"/><property name="java.vendor" value="Ubuntu"/><property name="java.specification.maintenance.version" value="3"/><property name="scala.ext.dirs" value="/home/chuan/.sbt/1.0/java9-rt-ext-ubuntu_11_0_28"/><property name="sun.io.unicode.encoding" value="UnicodeLittle"/><property name="java.class.path" value="/home/chuan/.sdkman/candidates/sbt/1.11.3/bin/sbt-launch.jar"/><property name="java.vm.vendor" value="Ubuntu"/><property name="jline.shutdownhook" value="false"/><property name="user.timezone" value="America/Los_Angeles"/><property name="os.name" value="Linux"/><property name="java.vm.specification.version" value="11"/><property name="sun.java.launcher" value="SUN_STANDARD"/><property name="sun.cpu.endian" value="little"/><property name="user.home" value="/home/chuan"/><property name="user.language" value="en"/><property name="sbt.script" value="/home/chuan/.sdkman/candidates/sbt/current/bin/sbt"/><property name="sbt.ipcsocket.tmpdir" value="/run/user/1000/.sbtcfd5ed4b/ipcsocket"/><property name="swoval.tmpdir" value="/run/user/1000/.sbtcfd5ed4b/swoval"/><property name="java.awt.graphicsenv" value="sun.awt.X11GraphicsEnvironment"/><property name="jline.esc.timeout" value="0"/><property name="path.separator" value=":"/><property name="os.version" value="5.15.167.4-microsoft-standard-WSL2"/><property name="jna.nosys" value="true"/><property name="java.runtime.name" value="OpenJDK Runtime Environment"/><property name="java.vm.name" value="OpenJDK 64-Bit Server VM"/><property name="jna.platform.library.path" value="/usr/lib/x86_64-linux-gnu:/lib/x86_64-linux-gnu:/usr/lib64:/lib64:/usr/lib:/lib:/lib32:/usr/lib/wsl/lib:/usr/lib/x86_64-linux-gnu/libfakeroot"/><property name="java.vendor.url.bug" value="https://bugs.launchpad.net/ubuntu/+source/openjdk-lts"/><property name="user.dir" value="/home/chuan/Documents/My_Study/AI/ai-code-generation-challenges/challenges-01_build-a-ToDo-App/src"/><property name="os.arch" value="amd64"/><property name="java.vm.info" value="mixed mode, sharing"/><property name="java.vm.version" value="11.0.28+6-post-Ubuntu-1ubuntu122.04.1"/><property name="java.class.version" value="55.0"/>
    </properties>
          <testcase classname="todo.TodoManagerSpec" name="TodoManager should start with empty task list" time="0.001">
                      
                    </testcase><testcase classname="todo.TodoManagerSpec" name="TodoManager should add a task successfully" time="0.004">
                      
                    </testcase><testcase classname="todo.TodoManagerSpec" name="TodoManager should add multiple tasks" time="0.012">
                      
                    </testcase><testcase classname="todo.TodoManagerSpec" name="TodoManager should delete a task by full id" time="0.002">
                      
                    </testcase><testcase classname="todo.TodoManagerSpec" name="TodoManager should return false when deleting non-existent task" time="0.001">
                      
                    </testcase><testcase classname="todo.TodoManagerSpec" name="TodoManager should complete a task successfully" time="0.001">
                      
                    </testcase><testcase classname="todo.TodoManagerSpec" name="TodoManager should return None when completing non-existent task" time="0.001">
                      
                    </testcase><testcase classname="todo.TodoManagerSpec" name="TodoManager should mark a completed task as incomplete" time="0.001">
                      
                    </testcase><testcase classname="todo.TodoManagerSpec" name="TodoManager should return None when marking non-existent task as incomplete" time="0.0">
                      
                    </testcase><testcase classname="todo.TodoManagerSpec" name="TodoManager should list all tasks including completed ones" time="0.005">
                      
                    </testcase><testcase classname="todo.TodoManagerSpec" name="TodoManager should list only active tasks when requested" time="0.002">
                      
                    </testcase><testcase classname="todo.TodoManagerSpec" name="TodoManager should find task by full id" time="0.001">
                      
                    </testcase><testcase classname="todo.TodoManagerSpec" name="TodoManager should find task by partial id" time="0.0">
                      
                    </testcase><testcase classname="todo.TodoManagerSpec" name="TodoManager should return None when finding non-existent task" time="0.001">
                      
                    </testcase><testcase classname="todo.TodoManagerSpec" name="TodoManager should handle multiple tasks with similar id prefixes" time="0.001">
                      
                    </testcase><testcase classname="todo.TodoManagerSpec" name="TodoManager should maintain task order" time="0.001">
                      
                    </testcase><testcase classname="todo.TodoManagerSpec" name="TodoManager should handle empty description" time="0.001">
                      
                    </testcase><testcase classname="todo.TodoManagerSpec" name="TodoManager should handle special characters in description" time="0.001">
                      
                    </testcase><testcase classname="todo.TodoManagerSpec" name="TodoManager should persist state across multiple operations" time="0.004">
                      
                    </testcase>
          <system-out><![CDATA[]]></system-out>
          <system-err><![CDATA[]]></system-err>
        </testsuite>